This is pdfTeX, Version 3.141592653-2.6-1.40.25 (MiKTeX 24.1) (preloaded format=pdflatex 2024.2.22)  28 FEB 2024 18:46
entering extended mode
 restricted \write18 enabled.
 file:line:error style messages enabled.
 %&-line parsing enabled.
**"c:/Users/morgancasale/Documents/Poli/Magistrale/Tesi/Latex/Tesi fede/Sections/Packages.tex"
(c:/Users/morgancasale/Documents/Poli/Magistrale/Tesi/Latex/Tesi fede/Sections/Packages.tex
LaTeX2e <2023-11-01> patch level 1
L3 programming layer <2024-02-13>

! LaTeX Error: File `MastersDoctoralThesis.cls' not found.

Type X to quit or <RETURN> to proceed,
or enter new name. (Default extension: cls)

Enter file name: 
c:/Users/morgancasale/Documents/Poli/Magistrale/Tesi/Latex/Tesi fede/Sections/Packages.tex:20: Emergency stop.
<read *> 
         
l.20 ^^M
        
*** (cannot \read from terminal in nonstop modes)

 
Here is how much of TeX's memory you used:
 24 strings out of 474461
 793 string characters out of 5739558
 1924998 words of memory out of 5000000
 22434 multiletter control sequences out of 15000+600000
 558069 words of font info for 36 fonts, out of 8000000 for 9000
 1141 hyphenation exceptions out of 8191
 19i,0n,29p,230b,17s stack positions out of 10000i,1000n,20000p,200000b,200000s
c:/Users/morgancasale/Documents/Poli/Magistrale/Tesi/Latex/Tesi fede/Sections/Packages.tex:20:  ==> Fatal error occurred, no output PDF file produced!
